<?xml version="1.0" encoding="UTF-8"?>
<testsuite name="com.capgemini.test.AccountTest" tests="7" skipped="0" failures="0" errors="0" timestamp="2017-12-06T11:07:57" hostname="LIN51005457" time="0.117">
  <properties/>
  <testcase name="whenTheValidInfoIsPassedWithdrawFromAccountShouldBeCreatedSuccessfully" classname="com.capgemini.test.AccountTest" time="0.109"/>
  <testcase name="whenTheValidInfoIsPassedDepositToAccountShouldBeCreatedSuccessfully" classname="com.capgemini.test.AccountTest" time="0.001"/>
  <testcase name="whenTheAccountNumberIsInvalidForWithdrawSystemShouldThrowException" classname="com.capgemini.test.AccountTest" time="0.002"/>
  <testcase name="whenTheAmountIsLessThan500SystemShouldThrowException" classname="com.capgemini.test.AccountTest" time="0.0"/>
  <testcase name="whenTheAccountNumberIsInvalidForDepositSystemShouldThrowException" classname="com.capgemini.test.AccountTest" time="0.001"/>
  <testcase name="whenTheValidInfoIsPassedAccountShouldBeCreatedSuccessfully" classname="com.capgemini.test.AccountTest" time="0.001"/>
  <testcase name="whenTheBalanceIsInsufficientForWithdrawSystemShouldThrowException" classname="com.capgemini.test.AccountTest" time="0.001"/>
  <system-out><![CDATA[]]></system-out>
  <system-err><![CDATA[]]></system-err>
</testsuite>
